[2024-08-12 21:06:58] [ ERROR] [OdontologoServiceTest:29] Error de Sintaxis en sentencia SQL "\000d\000a\000d\000aCREATE TABLE ODONTOLOGOS(\000d\000aID INT AUTO_INCREMENT PRIMARY KEY,\000d\000aNUMERO_MATRICULA VARCHAR(20) NOT NULL,\000d\000aNOMBRE VARCHAR(50) NOT NULL,\000d\000aAPELLIDO VARCHAR(50) NOT NULL,\000d\000a[*])"; se esperaba "identifier"
Syntax error in SQL statement "\000d\000a\000d\000aCREATE TABLE ODONTOLOGOS(\000d\000aID INT AUTO_INCREMENT PRIMARY KEY,\000d\000aNUMERO_MATRICULA VARCHAR(20) NOT NULL,\000d\000aNOMBRE VARCHAR(50) NOT NULL,\000d\000aAPELLIDO VARCHAR(50) NOT NULL,\000d\000a[*])"; expected "identifier"; SQL statement:


CREATE TABLE ODONTOLOGOS(
ID INT AUTO_INCREMENT PRIMARY KEY,
NUMERO_MATRICULA VARCHAR(20) NOT NULL,
NOMBRE VARCHAR(50) NOT NULL,
APELLIDO VARCHAR(50) NOT NULL,
) [42001-230]
[2024-08-12 21:08:48] [ ERROR] [PacienteServiceTest:31] Error de Sintaxis en sentencia SQL "\000d\000a\000d\000aCREATE TABLE ODONTOLOGOS(\000d\000aID INT AUTO_INCREMENT PRIMARY KEY,\000d\000aNUMERO_MATRICULA VARCHAR(20) NOT NULL,\000d\000aNOMBRE VARCHAR(50) NOT NULL,\000d\000aAPELLIDO VARCHAR(50) NOT NULL,\000d\000a[*])"; se esperaba "identifier"
Syntax error in SQL statement "\000d\000a\000d\000aCREATE TABLE ODONTOLOGOS(\000d\000aID INT AUTO_INCREMENT PRIMARY KEY,\000d\000aNUMERO_MATRICULA VARCHAR(20) NOT NULL,\000d\000aNOMBRE VARCHAR(50) NOT NULL,\000d\000aAPELLIDO VARCHAR(50) NOT NULL,\000d\000a[*])"; expected "identifier"; SQL statement:


CREATE TABLE ODONTOLOGOS(
ID INT AUTO_INCREMENT PRIMARY KEY,
NUMERO_MATRICULA VARCHAR(20) NOT NULL,
NOMBRE VARCHAR(50) NOT NULL,
APELLIDO VARCHAR(50) NOT NULL,
) [42001-230]
[2024-08-12 21:10:41] [ ERROR] [PacienteServiceTest:31] Error de Sintaxis en sentencia SQL "\000d\000a\000d\000aCREATE TABLE ODONTOLOGOS(\000d\000aID INT AUTO_INCREMENT PRIMARY KEY,\000d\000aNUMERO_MATRICULA VARCHAR(20) NOT NULL,\000d\000aNOMBRE VARCHAR(50) NOT NULL,\000d\000aAPELLIDO VARCHAR(50) NOT NULL,\000d\000a[*])"; se esperaba "identifier"
Syntax error in SQL statement "\000d\000a\000d\000aCREATE TABLE ODONTOLOGOS(\000d\000aID INT AUTO_INCREMENT PRIMARY KEY,\000d\000aNUMERO_MATRICULA VARCHAR(20) NOT NULL,\000d\000aNOMBRE VARCHAR(50) NOT NULL,\000d\000aAPELLIDO VARCHAR(50) NOT NULL,\000d\000a[*])"; expected "identifier"; SQL statement:


CREATE TABLE ODONTOLOGOS(
ID INT AUTO_INCREMENT PRIMARY KEY,
NUMERO_MATRICULA VARCHAR(20) NOT NULL,
NOMBRE VARCHAR(50) NOT NULL,
APELLIDO VARCHAR(50) NOT NULL,
) [42001-230]
[2024-08-12 21:12:14] [ ERROR] [PacienteServiceTest:31] Error de Sintaxis en sentencia SQL "\000d\000a\000d\000aCREATE TABLE ODONTOLOGOS(\000d\000aID INT AUTO_INCREMENT PRIMARY KEY,\000d\000aNUMERO_MATRICULA VARCHAR(20) NOT NULL,\000d\000aNOMBRE VARCHAR(50) NOT NULL,\000d\000aAPELLIDO VARCHAR(50) NOT NULL,\000d\000a[*])"; se esperaba "identifier"
Syntax error in SQL statement "\000d\000a\000d\000aCREATE TABLE ODONTOLOGOS(\000d\000aID INT AUTO_INCREMENT PRIMARY KEY,\000d\000aNUMERO_MATRICULA VARCHAR(20) NOT NULL,\000d\000aNOMBRE VARCHAR(50) NOT NULL,\000d\000aAPELLIDO VARCHAR(50) NOT NULL,\000d\000a[*])"; expected "identifier"; SQL statement:


CREATE TABLE ODONTOLOGOS(
ID INT AUTO_INCREMENT PRIMARY KEY,
NUMERO_MATRICULA VARCHAR(20) NOT NULL,
NOMBRE VARCHAR(50) NOT NULL,
APELLIDO VARCHAR(50) NOT NULL,
) [42001-230]
[2024-08-12 21:13:26] [ ERROR] [PacienteServiceTest:31] Error de Sintaxis en sentencia SQL "\000d\000a\000d\000aCREATE TABLE ODONTOLOGOS(\000d\000aID INT AUTO_INCREMENT PRIMARY KEY,\000d\000aNUMERO_MATRICULA VARCHAR(20) NOT NULL,\000d\000aNOMBRE VARCHAR(50) NOT NULL,\000d\000aAPELLIDO VARCHAR(50) NOT NULL,\000d\000a[*])"; se esperaba "identifier"
Syntax error in SQL statement "\000d\000a\000d\000aCREATE TABLE ODONTOLOGOS(\000d\000aID INT AUTO_INCREMENT PRIMARY KEY,\000d\000aNUMERO_MATRICULA VARCHAR(20) NOT NULL,\000d\000aNOMBRE VARCHAR(50) NOT NULL,\000d\000aAPELLIDO VARCHAR(50) NOT NULL,\000d\000a[*])"; expected "identifier"; SQL statement:


CREATE TABLE ODONTOLOGOS(
ID INT AUTO_INCREMENT PRIMARY KEY,
NUMERO_MATRICULA VARCHAR(20) NOT NULL,
NOMBRE VARCHAR(50) NOT NULL,
APELLIDO VARCHAR(50) NOT NULL,
) [42001-230]
[2024-08-12 21:14:12] [ INFO ] [DaoH2Domicilio:36] domicilio persistido Domicilio{id=2, calle='Falsa', numero=145, localidad='CABA', provincia='Buenos Aires'}
[2024-08-12 21:14:12] [ INFO ] [DaoH2Domicilio:45] paciente Paciente{id=2, apellido='Castro', nombre='Maria', dni='48974646', fechaIngreso=2024-07-15, domicilio=Domicilio{id=2, calle='Falsa', numero=145, localidad='CABA', provincia='Buenos Aires'}}
[2024-08-12 21:14:13] [ INFO ] [DaoH2Domicilio:82] domicilio encontrado Domicilio{id=1, calle='SIEMPRE VIVA', numero=123, localidad='SAN SALVADOR', provincia='JUJUY'}
[2024-08-12 21:14:13] [ INFO ] [DaoH2Domicilio:94] paciente encontrado Paciente{id=1, apellido='PEREZ', nombre='JUAN', dni='4654666', fechaIngreso=2024-07-15, domicilio=Domicilio{id=1, calle='SIEMPRE VIVA', numero=123, localidad='SAN SALVADOR', provincia='JUJUY'}}
[2024-08-12 21:14:13] [ INFO ] [DaoH2Domicilio:82] domicilio encontrado Domicilio{id=1, calle='SIEMPRE VIVA', numero=123, localidad='SAN SALVADOR', provincia='JUJUY'}
[2024-08-12 21:14:13] [ INFO ] [DaoH2Domicilio:131] Paciente{id=1, apellido='PEREZ', nombre='JUAN', dni='4654666', fechaIngreso=2024-07-15, domicilio=Domicilio{id=1, calle='SIEMPRE VIVA', numero=123, localidad='SAN SALVADOR', provincia='JUJUY'}}
[2024-08-12 21:14:13] [ INFO ] [DaoH2Domicilio:82] domicilio encontrado Domicilio{id=2, calle='Falsa', numero=145, localidad='CABA', provincia='Buenos Aires'}
[2024-08-12 21:14:13] [ INFO ] [DaoH2Domicilio:131] Paciente{id=2, apellido='Castro', nombre='Maria', dni='48974646', fechaIngreso=2024-07-15, domicilio=Domicilio{id=2, calle='Falsa', numero=145, localidad='CABA', provincia='Buenos Aires'}}
[2024-08-12 21:16:00] [ ERROR] [PacienteServiceTest:31] Error de Sintaxis en sentencia SQL "\000d\000a\000d\000aCREATE TABLE ODONTOLOGOS(\000d\000aID INT AUTO_INCREMENT PRIMARY KEY,\000d\000aNUMERO_MATRICULA VARCHAR(20) NOT NULL,\000d\000aNOMBRE VARCHAR(50) NOT NULL,\000d\000aAPELLIDO VARCHAR(50) NOT NULL,\000d\000a[*])"; se esperaba "identifier"
Syntax error in SQL statement "\000d\000a\000d\000aCREATE TABLE ODONTOLOGOS(\000d\000aID INT AUTO_INCREMENT PRIMARY KEY,\000d\000aNUMERO_MATRICULA VARCHAR(20) NOT NULL,\000d\000aNOMBRE VARCHAR(50) NOT NULL,\000d\000aAPELLIDO VARCHAR(50) NOT NULL,\000d\000a[*])"; expected "identifier"; SQL statement:


CREATE TABLE ODONTOLOGOS(
ID INT AUTO_INCREMENT PRIMARY KEY,
NUMERO_MATRICULA VARCHAR(20) NOT NULL,
NOMBRE VARCHAR(50) NOT NULL,
APELLIDO VARCHAR(50) NOT NULL,
) [42001-230]
[2024-08-12 21:19:55] [ ERROR] [OdontologoServiceTest:29] Error de Sintaxis en sentencia SQL "\000d\000a\000d\000aCREATE TABLE ODONTOLOGOS(\000d\000aID INT AUTO_INCREMENT PRIMARY KEY,\000d\000aNUMERO_MATRICULA VARCHAR(20) NOT NULL,\000d\000aNOMBRE VARCHAR(50) NOT NULL,\000d\000aAPELLIDO VARCHAR(50) NOT NULL,\000d\000a[*])"; se esperaba "identifier"
Syntax error in SQL statement "\000d\000a\000d\000aCREATE TABLE ODONTOLOGOS(\000d\000aID INT AUTO_INCREMENT PRIMARY KEY,\000d\000aNUMERO_MATRICULA VARCHAR(20) NOT NULL,\000d\000aNOMBRE VARCHAR(50) NOT NULL,\000d\000aAPELLIDO VARCHAR(50) NOT NULL,\000d\000a[*])"; expected "identifier"; SQL statement:


CREATE TABLE ODONTOLOGOS(
ID INT AUTO_INCREMENT PRIMARY KEY,
NUMERO_MATRICULA VARCHAR(20) NOT NULL,
NOMBRE VARCHAR(50) NOT NULL,
APELLIDO VARCHAR(50) NOT NULL,
) [42001-230]
[2024-08-12 21:20:22] [ INFO ] [DaoH2Odontologo:38] Odontologo Odontologo{id=2, numeroDeMatricula='1234568975', nombre='Juan', apellido='Perez'}
[2024-08-12 21:20:23] [ INFO ] [DaoH2Odontologo:86] Odontologo encontrado Odontologo{id=1, numeroDeMatricula='1025698476', nombre='FELIPE', apellido='ROJAS'}
[2024-08-12 21:20:23] [ INFO ] [DaoH2Odontologo:122] Odontologo{id=1, numeroDeMatricula='1025698476', nombre='FELIPE', apellido='ROJAS'}
[2024-08-12 21:20:23] [ INFO ] [DaoH2Odontologo:122] Odontologo{id=2, numeroDeMatricula='1234568975', nombre='Juan', apellido='Perez'}
[2024-08-12 21:21:28] [ ERROR] [PacienteServiceTest:31] Tabla "ODONTOLOGOS" ya existe
Table "ODONTOLOGOS" already exists; SQL statement:


CREATE TABLE ODONTOLOGOS(
ID INT AUTO_INCREMENT PRIMARY KEY,
NUMERO_MATRICULA VARCHAR(20) NOT NULL,
NOMBRE VARCHAR(50) NOT NULL,
APELLIDO VARCHAR(50) NOT NULL
) [42101-230]
[2024-08-12 21:21:49] [ ERROR] [PacienteServiceTest:31] Tabla "ODONTOLOGOS" ya existe
Table "ODONTOLOGOS" already exists; SQL statement:


CREATE TABLE ODONTOLOGOS(
ID INT AUTO_INCREMENT PRIMARY KEY,
NUMERO_MATRICULA VARCHAR(20) NOT NULL,
NOMBRE VARCHAR(50) NOT NULL,
APELLIDO VARCHAR(50) NOT NULL
) [42101-230]
[2024-08-12 21:22:20] [ ERROR] [OdontologoServiceTest:29] Tabla "ODONTOLOGOS" ya existe
Table "ODONTOLOGOS" already exists; SQL statement:


CREATE TABLE ODONTOLOGOS(
ID INT AUTO_INCREMENT PRIMARY KEY,
NUMERO_MATRICULA VARCHAR(20) NOT NULL,
NOMBRE VARCHAR(50) NOT NULL,
APELLIDO VARCHAR(50) NOT NULL
) [42101-230]
[2024-08-12 21:23:22] [ INFO ] [DaoH2Odontologo:38] Odontologo Odontologo{id=2, numeroDeMatricula='1234568975', nombre='Juan', apellido='Perez'}
[2024-08-12 21:23:22] [ INFO ] [DaoH2Odontologo:86] Odontologo encontrado Odontologo{id=1, numeroDeMatricula='1025698476', nombre='FELIPE', apellido='ROJAS'}
[2024-08-12 21:23:22] [ INFO ] [DaoH2Odontologo:122] Odontologo{id=1, numeroDeMatricula='1025698476', nombre='FELIPE', apellido='ROJAS'}
[2024-08-12 21:23:22] [ INFO ] [DaoH2Odontologo:122] Odontologo{id=2, numeroDeMatricula='1234568975', nombre='Juan', apellido='Perez'}
[2024-08-12 21:23:37] [ INFO ] [DaoH2Domicilio:36] domicilio persistido Domicilio{id=2, calle='Falsa', numero=145, localidad='CABA', provincia='Buenos Aires'}
[2024-08-12 21:23:37] [ INFO ] [DaoH2Domicilio:45] paciente Paciente{id=2, apellido='Castro', nombre='Maria', dni='48974646', fechaIngreso=2024-07-15, domicilio=Domicilio{id=2, calle='Falsa', numero=145, localidad='CABA', provincia='Buenos Aires'}}
[2024-08-12 21:23:37] [ INFO ] [DaoH2Domicilio:82] domicilio encontrado Domicilio{id=1, calle='SIEMPRE VIVA', numero=123, localidad='SAN SALVADOR', provincia='JUJUY'}
[2024-08-12 21:23:37] [ INFO ] [DaoH2Domicilio:94] paciente encontrado Paciente{id=1, apellido='PEREZ', nombre='JUAN', dni='4654666', fechaIngreso=2024-07-15, domicilio=Domicilio{id=1, calle='SIEMPRE VIVA', numero=123, localidad='SAN SALVADOR', provincia='JUJUY'}}
[2024-08-12 21:23:38] [ INFO ] [DaoH2Domicilio:82] domicilio encontrado Domicilio{id=1, calle='SIEMPRE VIVA', numero=123, localidad='SAN SALVADOR', provincia='JUJUY'}
[2024-08-12 21:23:38] [ INFO ] [DaoH2Domicilio:131] Paciente{id=1, apellido='PEREZ', nombre='JUAN', dni='4654666', fechaIngreso=2024-07-15, domicilio=Domicilio{id=1, calle='SIEMPRE VIVA', numero=123, localidad='SAN SALVADOR', provincia='JUJUY'}}
[2024-08-12 21:23:38] [ INFO ] [DaoH2Domicilio:82] domicilio encontrado Domicilio{id=2, calle='Falsa', numero=145, localidad='CABA', provincia='Buenos Aires'}
[2024-08-12 21:23:38] [ INFO ] [DaoH2Domicilio:131] Paciente{id=2, apellido='Castro', nombre='Maria', dni='48974646', fechaIngreso=2024-07-15, domicilio=Domicilio{id=2, calle='Falsa', numero=145, localidad='CABA', provincia='Buenos Aires'}}
[2024-08-12 21:43:26] [ INFO ] [DaoEnMemoria:17] Odontologo guardado en memoria Odontologo{id=1, numeroDeMatricula='1452368795', nombre='Maria', apellido='Flores'}
[2024-08-12 21:43:26] [ INFO ] [DaoEnMemoria:17] Odontologo guardado en memoria Odontologo{id=1, numeroDeMatricula='2548974677', nombre='Noel', apellido='Suares'}
[2024-08-12 21:43:26] [ INFO ] [DaoEnMemoria:30] Odontologo encontrado Odontologo{id=1, numeroDeMatricula='2548974677', nombre='Noel', apellido='Suares'}
[2024-08-12 21:44:45] [ INFO ] [DaoH2Domicilio:36] domicilio persistido Domicilio{id=2, calle='Falsa', numero=145, localidad='CABA', provincia='Buenos Aires'}
[2024-08-12 21:44:45] [ INFO ] [DaoH2Domicilio:45] paciente Paciente{id=2, apellido='Castro', nombre='Maria', dni='48974646', fechaIngreso=2024-07-15, domicilio=Domicilio{id=2, calle='Falsa', numero=145, localidad='CABA', provincia='Buenos Aires'}}
[2024-08-12 21:44:46] [ INFO ] [DaoH2Domicilio:82] domicilio encontrado Domicilio{id=1, calle='SIEMPRE VIVA', numero=123, localidad='SAN SALVADOR', provincia='JUJUY'}
[2024-08-12 21:44:46] [ INFO ] [DaoH2Domicilio:94] paciente encontrado Paciente{id=1, apellido='PEREZ', nombre='JUAN', dni='4654666', fechaIngreso=2024-07-15, domicilio=Domicilio{id=1, calle='SIEMPRE VIVA', numero=123, localidad='SAN SALVADOR', provincia='JUJUY'}}
[2024-08-12 21:44:46] [ INFO ] [DaoH2Domicilio:82] domicilio encontrado Domicilio{id=1, calle='SIEMPRE VIVA', numero=123, localidad='SAN SALVADOR', provincia='JUJUY'}
[2024-08-12 21:44:46] [ INFO ] [DaoH2Domicilio:131] Paciente{id=1, apellido='PEREZ', nombre='JUAN', dni='4654666', fechaIngreso=2024-07-15, domicilio=Domicilio{id=1, calle='SIEMPRE VIVA', numero=123, localidad='SAN SALVADOR', provincia='JUJUY'}}
[2024-08-12 21:44:46] [ INFO ] [DaoH2Domicilio:82] domicilio encontrado Domicilio{id=2, calle='Falsa', numero=145, localidad='CABA', provincia='Buenos Aires'}
[2024-08-12 21:44:46] [ INFO ] [DaoH2Domicilio:131] Paciente{id=2, apellido='Castro', nombre='Maria', dni='48974646', fechaIngreso=2024-07-15, domicilio=Domicilio{id=2, calle='Falsa', numero=145, localidad='CABA', provincia='Buenos Aires'}}
[2024-08-12 21:47:02] [ INFO ] [DaoH2Odontologo:38] Odontologo Odontologo{id=2, numeroDeMatricula='1234568975', nombre='Juan', apellido='Perez'}
[2024-08-12 21:47:02] [ INFO ] [DaoH2Odontologo:86] Odontologo encontrado Odontologo{id=1, numeroDeMatricula='1025698476', nombre='FELIPE', apellido='ROJAS'}
[2024-08-12 21:47:03] [ INFO ] [DaoH2Odontologo:122] Odontologo{id=1, numeroDeMatricula='1025698476', nombre='FELIPE', apellido='ROJAS'}
[2024-08-12 21:47:03] [ INFO ] [DaoH2Odontologo:122] Odontologo{id=2, numeroDeMatricula='1234568975', nombre='Juan', apellido='Perez'}
[2024-08-12 21:47:42] [ INFO ] [DaoEnMemoria:17] Odontologo guardado en memoria Odontologo{id=1, numeroDeMatricula='1452368795', nombre='Maria', apellido='Flores'}
[2024-08-12 21:47:42] [ INFO ] [DaoEnMemoria:17] Odontologo guardado en memoria Odontologo{id=1, numeroDeMatricula='2548974677', nombre='Noel', apellido='Suares'}
[2024-08-12 21:47:42] [ INFO ] [DaoEnMemoria:30] Odontologo encontrado Odontologo{id=1, numeroDeMatricula='2548974677', nombre='Noel', apellido='Suares'}
[2024-08-12 21:49:25] [ INFO ] [DaoH2Odontologo:38] Odontologo Odontologo{id=2, numeroDeMatricula='1234568975', nombre='Juan', apellido='Perez'}
[2024-08-12 21:49:26] [ INFO ] [DaoH2Odontologo:86] Odontologo encontrado Odontologo{id=1, numeroDeMatricula='1025698476', nombre='FELIPE', apellido='ROJAS'}
[2024-08-12 21:49:26] [ INFO ] [DaoH2Odontologo:122] Odontologo{id=1, numeroDeMatricula='1025698476', nombre='FELIPE', apellido='ROJAS'}
[2024-08-12 21:49:26] [ INFO ] [DaoH2Odontologo:122] Odontologo{id=2, numeroDeMatricula='1234568975', nombre='Juan', apellido='Perez'}
[2024-08-12 21:49:39] [ INFO ] [DaoEnMemoria:17] Odontologo guardado en memoria Odontologo{id=1, numeroDeMatricula='1452368795', nombre='Maria', apellido='Flores'}
[2024-08-12 21:49:39] [ INFO ] [DaoEnMemoria:17] Odontologo guardado en memoria Odontologo{id=1, numeroDeMatricula='2548974677', nombre='Noel', apellido='Suares'}
[2024-08-12 21:49:39] [ INFO ] [DaoEnMemoria:30] Odontologo encontrado Odontologo{id=1, numeroDeMatricula='2548974677', nombre='Noel', apellido='Suares'}
